2026-05-05 11:13:09.855 [INFO] [Session:7d8a5568] [Thread:18] Initializing configuration...
2026-05-05 11:13:10.011 [INFO] [Session:7d8a5568] [Thread:18] Configuration loaded from: C:\Users\Admin\Desktop\MinOzFixed\config\settings.json
2026-05-05 11:13:10.047 [INFO] [Session:7d8a5568] [Thread:18] AegisShroud Sovereign Edition Started. IsSpoofed: False
2026-05-05 11:13:17.204 [INFO] [Session:7d8a5568] [Thread:18] User selected RESTORE ORIGINAL IDENTITY.
2026-05-05 11:20:45.152 [INFO] [Session:9e9ec8c2] [Thread:18] Initializing configuration...
2026-05-05 11:20:45.286 [INFO] [Session:9e9ec8c2] [Thread:18] Configuration loaded from: C:\Users\Admin\Desktop\MinOzFixed\config\settings.json
2026-05-05 11:20:45.323 [INFO] [Session:9e9ec8c2] [Thread:18] AegisShroud Sovereign Edition Started. IsSpoofed: False
2026-05-05 11:21:54.341 [INFO] [Session:a4f04657] [Thread:18] Initializing configuration...
2026-05-05 11:21:54.483 [INFO] [Session:a4f04657] [Thread:18] Configuration loaded from: C:\Users\Admin\Desktop\MinOzFixed\config\settings.json
2026-05-05 11:21:54.519 [INFO] [Session:a4f04657] [Thread:18] AegisShroud Sovereign Edition Started. IsSpoofed: False
2026-05-05 11:24:18.951 [INFO] [Session:658ecf5b] [Thread:18] Initializing configuration...
2026-05-05 11:24:19.092 [INFO] [Session:658ecf5b] [Thread:18] Configuration loaded from: C:\Users\Admin\Desktop\MinOzFixed\config\settings.json
2026-05-05 11:24:19.128 [INFO] [Session:658ecf5b] [Thread:18] AegisShroud Sovereign Edition Started. IsSpoofed: False
2026-05-05 11:34:00.815 [INFO] [Session:c7331f78] [Thread:18] Initializing configuration...
2026-05-05 11:34:00.955 [INFO] [Session:c7331f78] [Thread:18] Configuration loaded from: C:\Users\Admin\Desktop\MinOz GHOST PROTOCOL v2.7\config\settings.json
2026-05-05 11:34:00.992 [INFO] [Session:c7331f78] [Thread:18] AegisShroud Sovereign Edition Started. IsSpoofed: False
2026-05-05 11:34:13.399 [INFO] [Session:c7331f78] [Thread:18] User selected VIEW CURRENT PROFILE.
2026-05-05 11:34:13.435 [INFO] [Session:c7331f78] [Thread:18] [MinOz] Displaying profile...
2026-05-05 11:42:51.517 [INFO] [Session:245a7a53] [Thread:18] Initializing configuration...
2026-05-05 11:42:51.661 [INFO] [Session:245a7a53] [Thread:18] Configuration loaded from: C:\Users\Admin\Desktop\MinOz GHOST PROTOCOL v2.7\config\settings.json
2026-05-05 11:42:51.698 [INFO] [Session:245a7a53] [Thread:18] AegisShroud Sovereign Edition Started. IsSpoofed: False
2026-05-05 11:42:57.939 [INFO] [Session:245a7a53] [Thread:18] User selected VIEW CURRENT PROFILE.
2026-05-05 11:42:57.976 [INFO] [Session:245a7a53] [Thread:18] [MinOz] Displaying profile...
2026-05-05 11:43:07.482 [INFO] [Session:245a7a53] [Thread:18] User selected GHOST PROTOCOL FULL.
2026-05-05 11:43:07.488 [INFO] [Session:245a7a53] [Thread:18] Creating comprehensive system backup...
2026-05-05 11:43:07.688 [WARN] [Session:245a7a53] [Thread:18] Failed to backup HKLM:\SYSTEM\CurrentControlSet\Enum\DISK: ERROR: The system was unable to find the specified registry key or value.
2026-05-05 11:43:07.827 [INFO] [Session:245a7a53] [Thread:18] Saved Pre snapshot: C:\Users\Admin\Desktop\MinOz GHOST PROTOCOL v2.7\state\AegisShroud_State_Pre_Latest.json [Properties=15]
2026-05-05 11:43:07.833 [INFO] [Session:245a7a53] [Thread:18] Backup complete: 14 successful, 1 failed
2026-05-05 11:43:07.840 [INFO] [Session:245a7a53] [Thread:18] [MinOz] Generating 2026 Apex Virtual Identity...
2026-05-05 11:43:08.785 [INFO] [Session:245a7a53] [Thread:18] [MinOz] Applying 2026 Apex Identity Layers...
2026-05-05 11:43:08.815 [INFO] [Session:245a7a53] [Thread:18] [MinOz] Writing PERMANENT BIOS keys...
2026-05-05 11:43:08.824 [INFO] [Session:245a7a53] [Thread:18] [MinOz] PERMANENT BIOS keys written successfully
2026-05-05 11:43:08.825 [INFO] [Session:245a7a53] [Thread:18] [MinOz] Masking CPU...
2026-05-05 11:43:08.830 [INFO] [Session:245a7a53] [Thread:18] [MinOz] Masking GPU...
2026-05-05 11:43:08.841 [INFO] [Session:245a7a53] [Thread:18] [MinOz] Masking TPM & Platform Security Identifiers...
2026-05-05 11:43:08.855 [INFO] [Session:245a7a53] [Thread:18] [MinOz] Executing Deep Disk Geometry Masking...
2026-05-05 11:43:08.863 [INFO] [Session:245a7a53] [Thread:18] [MinOz] 2026 Apex Identity Layers Applied Successfully.
2026-05-05 11:43:08.869 [INFO] [Session:245a7a53] [Thread:18] [GHOST] Initiating WMI Mutation Protocol...
2026-05-05 11:43:08.954 [WARN] [Session:245a7a53] [Thread:18] [GHOST] BaseBoard mutation failed: Exception calling "Put" with "0" argument(s): "Provider is not capable of the attempted operation "
2026-05-05 11:43:08.996 [WARN] [Session:245a7a53] [Thread:18] [GHOST] BIOS mutation failed: Exception calling "Put" with "0" argument(s): "Provider is not capable of the attempted operation "
2026-05-05 11:43:10.025 [WARN] [Session:245a7a53] [Thread:18] [GHOST] Processor mutation failed: Exception calling "Put" with "0" argument(s): "Provider is not capable of the attempted operation "
2026-05-05 11:43:10.049 [WARN] [Session:245a7a53] [Thread:18] [GHOST] VideoController mutation failed: Exception calling "Put" with "0" argument(s): "Provider is not capable of the attempted operation "
2026-05-05 11:43:10.136 [WARN] [Session:245a7a53] [Thread:18] [GHOST] DiskDrive mutation failed: Exception calling "Put" with "0" argument(s): "Provider is not capable of the attempted operation "
2026-05-05 11:43:10.383 [INFO] [Session:245a7a53] [Thread:18] [GHOST] WMI Mutation complete: 2 mutations, 5 failures
2026-05-05 11:43:10.430 [INFO] [Session:245a7a53] [Thread:18] [GHOST] Initiating Registry Obfuscation Protocol...
2026-05-05 11:43:11.100 [INFO] [Session:245a7a53] [Thread:18] [GHOST] Registry Obfuscation complete: 21 obfuscations, 0 failures
2026-05-05 11:43:11.106 [INFO] [Session:245a7a53] [Thread:18] [GHOST] Initiating Kernel Trace Obliteration Protocol...
2026-05-05 11:43:12.500 [INFO] [Session:245a7a53] [Thread:18] [GHOST] Kernel Trace Obliteration complete: 12 obliterations, 0 failures
2026-05-05 11:43:12.505 [INFO] [Session:245a7a53] [Thread:18] [GHOST] Initiating Process Ghosting Protocol...
2026-05-05 11:43:12.784 [INFO] [Session:245a7a53] [Thread:18] [GHOST] Process Ghosting complete
2026-05-05 11:43:12.787 [INFO] [Session:245a7a53] [Thread:18] [MinOz] Invoking EFI/UUID Randomizer...
2026-05-05 11:43:12.789 [INFO] [Session:245a7a53] [Thread:18] [MinOz] Spoofed System UUID to 4f552194-11b4-46d0-b0fa-c1b633cc823f
2026-05-05 11:43:12.968 [INFO] [Session:245a7a53] [Thread:18] [MinOz] Spoofed BIOS Serial Number to 9FUH6DUUWR68
2026-05-05 11:43:13.171 [INFO] [Session:245a7a53] [Thread:18] [MinOz] Spoofed BaseBoard Serial Number to 90HJCLKXCIG4DWN
2026-05-05 11:43:13.777 [INFO] [Session:245a7a53] [Thread:18] [MinOz] EFI/UUID Randomizer completed.
2026-05-05 11:43:13.780 [INFO] [Session:245a7a53] [Thread:18] [MinOz] Invoking Peripheral & Monitor ID Spoofer...
2026-05-05 11:43:19.790 [INFO] [Session:245a7a53] [Thread:18] [MinOz] Peripheral & Monitor ID Spoofer completed.
2026-05-05 11:43:19.794 [INFO] [Session:245a7a53] [Thread:18] [MinOz] Invoking Network Stealth Module...
2026-05-05 11:43:20.619 [INFO] [Session:245a7a53] [Thread:18] [MinOz] MAC Address Spoofing complete.
2026-05-05 11:43:20.731 [INFO] [Session:245a7a53] [Thread:18] [MinOz] DNS, Winsock, IP Stack, and ARP Cache reset.
2026-05-05 11:43:20.737 [INFO] [Session:245a7a53] [Thread:18] [MinOz] NSI Traces cleared.
2026-05-05 11:43:20.739 [INFO] [Session:245a7a53] [Thread:18] [MinOz] Network Stealth Module completed.
2026-05-05 11:43:20.745 [INFO] [Session:245a7a53] [Thread:18] [MinOz] Invoking Anti-Kernel-Debugger & Driver Stealth Module...
2026-05-05 11:43:20.834 [INFO] [Session:245a7a53] [Thread:18] [MinOz] Kernel debugging settings modified. Debugger launch attempts may be blocked.
2026-05-05 11:43:21.810 [INFO] [Session:245a7a53] [Thread:18] [MinOz] Driver-related stealth cleanup completed.
2026-05-05 11:43:21.812 [INFO] [Session:245a7a53] [Thread:18] [MinOz] Anti-Kernel-Debugger & Driver Stealth Module completed.
2026-05-05 11:43:21.819 [INFO] [Session:245a7a53] [Thread:18] [MinOz] Executing Trace Cleaner...
2026-05-05 11:43:21.829 [INFO] [Session:245a7a53] [Thread:18] [MinOz] Privacy/Telemetry hardened.
2026-05-05 11:43:21.849 [INFO] [Session:245a7a53] [Thread:18] [MinOz] ShimCache & WDI logs cleared.
2026-05-05 11:43:21.853 [INFO] [Session:245a7a53] [Thread:18] [MinOz] MountPoints2 cleared.
2026-05-05 11:43:21.858 [INFO] [Session:245a7a53] [Thread:18] [MinOz] WMI service OK (no restart - preserves Task Manager).
2026-05-05 11:43:21.859 [INFO] [Session:245a7a53] [Thread:18] [MinOz] Cleaner completed successfully.
2026-05-05 11:43:21.862 [INFO] [Session:245a7a53] [Thread:18] [MinOz] Invoking USN Journal & Deep Trace Purger...
2026-05-05 11:43:22.292 [INFO] [Session:245a7a53] [Thread:18] [MinOz] Prefetch files cleared.
2026-05-05 11:43:22.314 [INFO] [Session:245a7a53] [Thread:18] [MinOz] USN Journal & Deep Trace Purger completed.
2026-05-05 11:44:04.648 [INFO] [Session:356eff89] [Thread:18] Initializing configuration...
2026-05-05 11:44:04.804 [INFO] [Session:356eff89] [Thread:18] Configuration loaded from: C:\Users\Admin\Desktop\MinOz GHOST PROTOCOL v2.7\config\settings.json
2026-05-05 11:44:04.867 [INFO] [Session:356eff89] [Thread:18] AegisShroud Sovereign Edition Started. IsSpoofed: True
2026-05-05 11:44:09.926 [INFO] [Session:356eff89] [Thread:18] User selected VIEW CURRENT PROFILE.
2026-05-05 11:44:09.940 [INFO] [Session:356eff89] [Thread:18] [MinOz] Displaying profile...
2026-05-05 11:44:58.210 [INFO] [Session:356eff89] [Thread:18] User selected VIEW CURRENT PROFILE.
2026-05-05 11:44:58.212 [INFO] [Session:356eff89] [Thread:18] [MinOz] Displaying profile...
2026-05-05 11:45:00.916 [INFO] [Session:356eff89] [Thread:18] User selected DEEP CLEAN TRACES ONLY.
2026-05-05 11:45:00.923 [INFO] [Session:356eff89] [Thread:18] [GHOST] Initiating Kernel Trace Obliteration Protocol...
2026-05-05 11:45:02.687 [INFO] [Session:356eff89] [Thread:18] [GHOST] Kernel Trace Obliteration complete: 14 obliterations, 0 failures
2026-05-05 11:45:02.728 [INFO] [Session:356eff89] [Thread:18] [MinOz] Invoking USN Journal & Deep Trace Purger...
2026-05-05 11:45:03.206 [INFO] [Session:356eff89] [Thread:18] [MinOz] Prefetch files cleared.
2026-05-05 11:45:03.218 [INFO] [Session:356eff89] [Thread:18] [MinOz] USN Journal & Deep Trace Purger completed.
2026-05-05 11:45:03.225 [INFO] [Session:356eff89] [Thread:18] [MinOz] Invoking Anti-Kernel-Debugger & Driver Stealth Module...
2026-05-05 11:45:04.075 [INFO] [Session:356eff89] [Thread:18] [MinOz] Driver-related stealth cleanup completed.
2026-05-05 11:45:04.077 [INFO] [Session:356eff89] [Thread:18] [MinOz] Anti-Kernel-Debugger & Driver Stealth Module completed.
2026-05-05 11:45:04.085 [INFO] [Session:356eff89] [Thread:18] [MinOz] Executing Trace Cleaner...
2026-05-05 11:45:04.107 [INFO] [Session:356eff89] [Thread:18] [MinOz] Privacy/Telemetry hardened.
2026-05-05 11:45:04.120 [INFO] [Session:356eff89] [Thread:18] [MinOz] ShimCache & WDI logs cleared.
2026-05-05 11:45:04.127 [INFO] [Session:356eff89] [Thread:18] [MinOz] MountPoints2 cleared.
2026-05-05 11:45:04.131 [INFO] [Session:356eff89] [Thread:18] [MinOz] Running network identity reset (Deep Clean)...
2026-05-05 11:45:04.539 [INFO] [Session:356eff89] [Thread:18] [MinOz] Network reset complete.
2026-05-05 11:45:04.542 [INFO] [Session:356eff89] [Thread:18] [MinOz] Clearing event logs (Deep Clean)...
2026-05-05 11:45:12.722 [INFO] [Session:356eff89] [Thread:18] [MinOz] Event logs cleared.
2026-05-05 11:45:12.830 [INFO] [Session:356eff89] [Thread:18] [MinOz] WMI service OK (no restart - preserves Task Manager).
2026-05-05 11:45:12.833 [INFO] [Session:356eff89] [Thread:18] [MinOz] Cleaner completed successfully.
2026-05-05 11:45:44.092 [INFO] [Session:356eff89] [Thread:18] User selected RESTORE ORIGINAL IDENTITY.
2026-05-05 11:45:44.094 [INFO] [Session:356eff89] [Thread:18] [GHOST] Initiating GHOST Protocol removal...
2026-05-05 11:45:44.099 [INFO] [Session:356eff89] [Thread:18] [GHOST] Initiating Smart Persistence Protocol...
2026-05-05 11:45:44.650 [INFO] [Session:356eff89] [Thread:18] [GHOST] Smart Persistence disabled
2026-05-05 11:45:44.653 [INFO] [Session:356eff89] [Thread:18] [GHOST] Removing registry obfuscation...
2026-05-05 11:45:44.679 [INFO] [Session:356eff89] [Thread:18] [GHOST] Registry obfuscation removed
2026-05-05 11:45:44.681 [INFO] [Session:356eff89] [Thread:18] [GHOST] GHOST Protocol cleanup complete
2026-05-05 11:45:44.684 [INFO] [Session:356eff89] [Thread:18] [MinOz] Removing EFI/UUID Randomizer modifications...
2026-05-05 11:45:44.685 [INFO] [Session:356eff89] [Thread:18] [MinOz] EFI/UUID Randomizer modifications removal completed (relying on system restore).
2026-05-05 11:45:44.686 [INFO] [Session:356eff89] [Thread:18] [MinOz] Peripheral Spoofer: relying on system restore.
2026-05-05 11:45:44.688 [INFO] [Session:356eff89] [Thread:18] [MinOz] Network Stealth: relying on system restore.
2026-05-05 11:45:44.690 [INFO] [Session:356eff89] [Thread:18] [MinOz] Removing Anti-Kernel-Debugger & Driver Stealth modifications (relying on system restore).
2026-05-05 11:45:44.702 [INFO] [Session:356eff89] [Thread:18] [MinOz] Anti-Kernel-Debugger & Driver Stealth removal completed.
2026-05-05 11:45:44.703 [INFO] [Session:356eff89] [Thread:18] [MinOz] USN Journal Purger: clean is permanent, no undo.
2026-05-05 11:45:44.708 [INFO] [Session:356eff89] [Thread:18] Restoring original system identity...
2026-05-05 11:45:44.746 [WARN] [Session:356eff89] [Thread:18] Attempt 1 failed for HKLM_SOFTWARE_Microsoft_Cryptography.reg: ERROR: Error accessing the registry.
2026-05-05 11:45:45.274 [WARN] [Session:356eff89] [Thread:18] Attempt 2 failed for HKLM_SOFTWARE_Microsoft_Cryptography.reg: ERROR: Error accessing the registry.
2026-05-05 11:45:45.795 [WARN] [Session:356eff89] [Thread:18] Attempt 3 failed for HKLM_SOFTWARE_Microsoft_Cryptography.reg: ERROR: Error accessing the registry.
2026-05-05 11:45:46.309 [ERROR] [Session:356eff89] [Thread:18] Failed to restore HKLM_SOFTWARE_Microsoft_Cryptography.reg after 3 attempts
2026-05-05 11:45:46.452 [WARN] [Session:356eff89] [Thread:18] Attempt 1 failed for HKLM_SOFTWARE_Microsoft_Windows NT_CurrentVersion.reg: ERROR: Error accessing the registry.
2026-05-05 11:45:47.103 [WARN] [Session:356eff89] [Thread:18] Attempt 2 failed for HKLM_SOFTWARE_Microsoft_Windows NT_CurrentVersion.reg: ERROR: Error accessing the registry.
2026-05-05 11:45:47.743 [WARN] [Session:356eff89] [Thread:18] Attempt 3 failed for HKLM_SOFTWARE_Microsoft_Windows NT_CurrentVersion.reg: ERROR: Error accessing the registry.
2026-05-05 11:45:48.249 [ERROR] [Session:356eff89] [Thread:18] Failed to restore HKLM_SOFTWARE_Microsoft_Windows NT_CurrentVersion.reg after 3 attempts
2026-05-05 11:45:48.305 [INFO] [Session:356eff89] [Thread:18] Registry restore complete: 12 successful, 2 failed
2026-05-05 11:45:48.540 [INFO] [Session:356eff89] [Thread:18] System restore completed successfully
2026-05-05 11:47:24.091 [INFO] [Session:8ba85852] [Thread:18] Initializing configuration...
2026-05-05 11:47:24.233 [INFO] [Session:8ba85852] [Thread:18] Configuration loaded from: C:\Users\Admin\Desktop\MinOz GHOST PROTOCOL v2.7\config\settings.json
2026-05-05 11:47:24.273 [INFO] [Session:8ba85852] [Thread:18] AegisShroud Sovereign Edition Started. IsSpoofed: False
2026-05-05 11:47:26.634 [INFO] [Session:8ba85852] [Thread:18] User selected VIEW CURRENT PROFILE.
2026-05-05 11:47:26.650 [INFO] [Session:8ba85852] [Thread:18] [MinOz] Displaying profile...
2026-05-05 11:47:40.071 [INFO] [Session:8ba85852] [Thread:18] User selected GHOST PROTOCOL FULL.
2026-05-05 11:47:40.077 [INFO] [Session:8ba85852] [Thread:18] Creating comprehensive system backup...
2026-05-05 11:47:40.318 [WARN] [Session:8ba85852] [Thread:18] Failed to backup HKLM:\SYSTEM\CurrentControlSet\Enum\DISK: ERROR: The system was unable to find the specified registry key or value.
2026-05-05 11:47:40.456 [INFO] [Session:8ba85852] [Thread:18] Saved Pre snapshot: C:\Users\Admin\Desktop\MinOz GHOST PROTOCOL v2.7\state\AegisShroud_State_Pre_Latest.json [Properties=15]
2026-05-05 11:47:40.462 [INFO] [Session:8ba85852] [Thread:18] Backup complete: 14 successful, 1 failed
2026-05-05 11:47:40.469 [INFO] [Session:8ba85852] [Thread:18] [MinOz] Generating 2026 Apex Virtual Identity...
2026-05-05 11:47:41.412 [INFO] [Session:8ba85852] [Thread:18] [MinOz] Applying 2026 Apex Identity Layers...
2026-05-05 11:47:41.444 [INFO] [Session:8ba85852] [Thread:18] [MinOz] Writing PERMANENT BIOS keys...
2026-05-05 11:47:41.454 [INFO] [Session:8ba85852] [Thread:18] [MinOz] PERMANENT BIOS keys written successfully
2026-05-05 11:47:41.455 [INFO] [Session:8ba85852] [Thread:18] [MinOz] Masking CPU...
2026-05-05 11:47:41.460 [INFO] [Session:8ba85852] [Thread:18] [MinOz] Masking GPU...
2026-05-05 11:47:41.472 [INFO] [Session:8ba85852] [Thread:18] [MinOz] Masking TPM & Platform Security Identifiers...
2026-05-05 11:47:41.484 [INFO] [Session:8ba85852] [Thread:18] [MinOz] Executing Deep Disk Geometry Masking...
2026-05-05 11:47:41.492 [INFO] [Session:8ba85852] [Thread:18] [MinOz] 2026 Apex Identity Layers Applied Successfully.
2026-05-05 11:47:41.498 [INFO] [Session:8ba85852] [Thread:18] [GHOST] Initiating WMI Mutation Protocol...
2026-05-05 11:47:41.587 [WARN] [Session:8ba85852] [Thread:18] [GHOST] BaseBoard mutation failed: Exception calling "Put" with "0" argument(s): "Provider is not capable of the attempted operation "
2026-05-05 11:47:41.627 [WARN] [Session:8ba85852] [Thread:18] [GHOST] BIOS mutation failed: Exception calling "Put" with "0" argument(s): "Provider is not capable of the attempted operation "
2026-05-05 11:47:42.658 [WARN] [Session:8ba85852] [Thread:18] [GHOST] Processor mutation failed: Exception calling "Put" with "0" argument(s): "Provider is not capable of the attempted operation "
2026-05-05 11:47:42.681 [WARN] [Session:8ba85852] [Thread:18] [GHOST] VideoController mutation failed: Exception calling "Put" with "0" argument(s): "Provider is not capable of the attempted operation "
2026-05-05 11:47:42.768 [WARN] [Session:8ba85852] [Thread:18] [GHOST] DiskDrive mutation failed: Exception calling "Put" with "0" argument(s): "Provider is not capable of the attempted operation "
2026-05-05 11:47:43.031 [INFO] [Session:8ba85852] [Thread:18] [GHOST] WMI Mutation complete: 2 mutations, 5 failures
2026-05-05 11:47:43.080 [INFO] [Session:8ba85852] [Thread:18] [GHOST] Initiating Registry Obfuscation Protocol...
2026-05-05 11:47:43.893 [INFO] [Session:8ba85852] [Thread:18] [GHOST] Registry Obfuscation complete: 21 obfuscations, 0 failures
2026-05-05 11:47:43.899 [INFO] [Session:8ba85852] [Thread:18] [GHOST] Initiating Kernel Trace Obliteration Protocol...
2026-05-05 11:47:45.652 [INFO] [Session:8ba85852] [Thread:18] [GHOST] Kernel Trace Obliteration complete: 12 obliterations, 0 failures
2026-05-05 11:47:45.660 [INFO] [Session:8ba85852] [Thread:18] [GHOST] Initiating Process Ghosting Protocol...
2026-05-05 11:47:45.929 [INFO] [Session:8ba85852] [Thread:18] [GHOST] Process Ghosting complete
2026-05-05 11:47:45.932 [INFO] [Session:8ba85852] [Thread:18] [MinOz] Invoking EFI/UUID Randomizer...
2026-05-05 11:47:45.934 [INFO] [Session:8ba85852] [Thread:18] [MinOz] Spoofed System UUID to 1d247a64-0727-45d8-a4af-cdccd485711e
2026-05-05 11:47:46.103 [INFO] [Session:8ba85852] [Thread:18] [MinOz] Spoofed BIOS Serial Number to Q2QIYJ00XQ9I
2026-05-05 11:47:46.306 [INFO] [Session:8ba85852] [Thread:18] [MinOz] Spoofed BaseBoard Serial Number to HYRL44U575LRDSH
2026-05-05 11:47:46.910 [INFO] [Session:8ba85852] [Thread:18] [MinOz] EFI/UUID Randomizer completed.
2026-05-05 11:47:46.913 [INFO] [Session:8ba85852] [Thread:18] [MinOz] Invoking Peripheral & Monitor ID Spoofer...
2026-05-05 11:47:52.955 [INFO] [Session:8ba85852] [Thread:18] [MinOz] Peripheral & Monitor ID Spoofer completed.
2026-05-05 11:47:52.957 [INFO] [Session:8ba85852] [Thread:18] [MinOz] Invoking Network Stealth Module...
2026-05-05 11:47:53.770 [INFO] [Session:8ba85852] [Thread:18] [MinOz] MAC Address Spoofing complete.
2026-05-05 11:47:53.884 [INFO] [Session:8ba85852] [Thread:18] [MinOz] DNS, Winsock, IP Stack, and ARP Cache reset.
2026-05-05 11:47:53.889 [INFO] [Session:8ba85852] [Thread:18] [MinOz] NSI Traces cleared.
2026-05-05 11:47:53.891 [INFO] [Session:8ba85852] [Thread:18] [MinOz] Network Stealth Module completed.
2026-05-05 11:47:53.899 [INFO] [Session:8ba85852] [Thread:18] [MinOz] Invoking Anti-Kernel-Debugger & Driver Stealth Module...
2026-05-05 11:47:53.990 [INFO] [Session:8ba85852] [Thread:18] [MinOz] Kernel debugging settings modified. Debugger launch attempts may be blocked.
2026-05-05 11:47:54.839 [INFO] [Session:8ba85852] [Thread:18] [MinOz] Driver-related stealth cleanup completed.
2026-05-05 11:47:54.841 [INFO] [Session:8ba85852] [Thread:18] [MinOz] Anti-Kernel-Debugger & Driver Stealth Module completed.
2026-05-05 11:47:54.847 [INFO] [Session:8ba85852] [Thread:18] [MinOz] Executing Trace Cleaner...
2026-05-05 11:47:54.859 [INFO] [Session:8ba85852] [Thread:18] [MinOz] Privacy/Telemetry hardened.
2026-05-05 11:47:54.870 [INFO] [Session:8ba85852] [Thread:18] [MinOz] ShimCache & WDI logs cleared.
2026-05-05 11:47:54.874 [INFO] [Session:8ba85852] [Thread:18] [MinOz] MountPoints2 cleared.
2026-05-05 11:47:54.879 [INFO] [Session:8ba85852] [Thread:18] [MinOz] WMI service OK (no restart - preserves Task Manager).
2026-05-05 11:47:54.880 [INFO] [Session:8ba85852] [Thread:18] [MinOz] Cleaner completed successfully.
2026-05-05 11:47:54.883 [INFO] [Session:8ba85852] [Thread:18] [MinOz] Invoking USN Journal & Deep Trace Purger...
2026-05-05 11:47:55.294 [INFO] [Session:8ba85852] [Thread:18] [MinOz] Prefetch files cleared.
2026-05-05 11:47:55.300 [INFO] [Session:8ba85852] [Thread:18] [MinOz] USN Journal & Deep Trace Purger completed.
2026-05-05 11:48:48.882 [INFO] [Session:01694fb9] [Thread:18] Initializing configuration...
2026-05-05 11:48:49.021 [INFO] [Session:01694fb9] [Thread:18] Configuration loaded from: C:\Users\Admin\Desktop\MinOz GHOST PROTOCOL v2.7\config\settings.json
2026-05-05 11:48:49.062 [INFO] [Session:01694fb9] [Thread:18] AegisShroud Sovereign Edition Started. IsSpoofed: True
2026-05-05 11:48:51.571 [INFO] [Session:01694fb9] [Thread:18] User selected VIEW CURRENT PROFILE.
2026-05-05 11:48:51.584 [INFO] [Session:01694fb9] [Thread:18] [MinOz] Displaying profile...
2026-05-05 11:49:11.242 [INFO] [Session:01694fb9] [Thread:18] User selected DEEP CLEAN TRACES ONLY.
2026-05-05 11:49:11.250 [INFO] [Session:01694fb9] [Thread:18] [GHOST] Initiating Kernel Trace Obliteration Protocol...
2026-05-05 11:49:12.700 [INFO] [Session:01694fb9] [Thread:18] [GHOST] Kernel Trace Obliteration complete: 12 obliterations, 0 failures
2026-05-05 11:49:12.739 [INFO] [Session:01694fb9] [Thread:18] [MinOz] Invoking USN Journal & Deep Trace Purger...
2026-05-05 11:49:13.219 [INFO] [Session:01694fb9] [Thread:18] [MinOz] Prefetch files cleared.
2026-05-05 11:49:13.227 [INFO] [Session:01694fb9] [Thread:18] [MinOz] USN Journal & Deep Trace Purger completed.
2026-05-05 11:49:13.233 [INFO] [Session:01694fb9] [Thread:18] [MinOz] Invoking Anti-Kernel-Debugger & Driver Stealth Module...
2026-05-05 11:49:14.401 [INFO] [Session:01694fb9] [Thread:18] [MinOz] Driver-related stealth cleanup completed.
2026-05-05 11:49:14.403 [INFO] [Session:01694fb9] [Thread:18] [MinOz] Anti-Kernel-Debugger & Driver Stealth Module completed.
2026-05-05 11:49:14.409 [INFO] [Session:01694fb9] [Thread:18] [MinOz] Executing Trace Cleaner...
2026-05-05 11:49:14.430 [INFO] [Session:01694fb9] [Thread:18] [MinOz] Privacy/Telemetry hardened.
2026-05-05 11:49:14.436 [INFO] [Session:01694fb9] [Thread:18] [MinOz] ShimCache & WDI logs cleared.
2026-05-05 11:49:14.442 [INFO] [Session:01694fb9] [Thread:18] [MinOz] MountPoints2 cleared.
2026-05-05 11:49:14.445 [INFO] [Session:01694fb9] [Thread:18] [MinOz] Running network identity reset (Deep Clean)...
2026-05-05 11:49:14.539 [INFO] [Session:01694fb9] [Thread:18] [MinOz] Network reset complete.
2026-05-05 11:49:14.541 [INFO] [Session:01694fb9] [Thread:18] [MinOz] Clearing event logs (Deep Clean)...
2026-05-05 11:49:20.515 [INFO] [Session:01694fb9] [Thread:18] [MinOz] Event logs cleared.
2026-05-05 11:49:20.580 [INFO] [Session:01694fb9] [Thread:18] [MinOz] WMI service OK (no restart - preserves Task Manager).
2026-05-05 11:49:20.582 [INFO] [Session:01694fb9] [Thread:18] [MinOz] Cleaner completed successfully.
2026-05-05 11:51:50.296 [INFO] [Session:e123e6ac] [Thread:18] Initializing configuration...
2026-05-05 11:51:50.437 [INFO] [Session:e123e6ac] [Thread:18] Configuration loaded from: C:\Users\Admin\Desktop\MinOz GHOST PROTOCOL v2.7\config\settings.json
2026-05-05 11:51:50.475 [INFO] [Session:e123e6ac] [Thread:18] AegisShroud Sovereign Edition Started. IsSpoofed: True
2026-05-05 11:51:56.602 [INFO] [Session:e123e6ac] [Thread:18] User selected VIEW CURRENT PROFILE.
2026-05-05 11:51:56.615 [INFO] [Session:e123e6ac] [Thread:18] [MinOz] Displaying profile...
